<?xml version="1.0" encoding="UTF-8"?>
<testng-results skipped="0" failed="0" total="0" passed="0">
  <reporter-output>
  </reporter-output>
  <suite name="com.qa.test.FirstTestNGTest" duration-ms="9" started-at="2018-06-16T05:50:56Z" finished-at="2018-06-16T05:50:56Z">
    <groups>
    </groups>
    <test name="Command line test" duration-ms="9" started-at="2018-06-16T05:50:56Z" finished-at="2018-06-16T05:50:56Z">
      <class name="com.qa.test.FirstTestNGTest">
        <test-method status="PASS" signature="bSuite()[pri:0, instance:com.qa.test.FirstTestNGTest@7f690630]" name="bSuite" is-config="true" duration-ms="13" started-at="2018-06-16T11:20:56Z" finished-at="2018-06-16T11:20:56Z">
          <reporter-output>
          </reporter-output>
        </test-method> <!-- bSuite -->
      </class> <!-- com.qa.test.FirstTestNGTest -->
    </test> <!-- Command line test -->
  </suite> <!-- com.qa.test.FirstTestNGTest -->
</testng-results>
