<?xml version="1.0" encoding="UTF-8"?>
<testng-results skipped="0" failed="0" ignored="0" total="2" passed="2">
  <reporter-output>
  </reporter-output>
  <suite name="Default suite" duration-ms="139" started-at="2018-06-16T06:10:09Z" finished-at="2018-06-16T06:10:09Z">
    <groups>
    </groups>
    <test name="Default test" duration-ms="139" started-at="2018-06-16T06:10:09Z" finished-at="2018-06-16T06:10:09Z">
      <class name="com.qa.test.NewTest">
        <test-method status="PASS" signature="bs()[pri:0, instance:com.qa.test.NewTest@ae45eb6]" name="bs" is-config="true" duration-ms="22" started-at="2018-06-16T06:10:09Z" finished-at="2018-06-16T06:10:09Z">
          <reporter-output>
          </reporter-output>
        </test-method> <!-- bs -->
        <test-method status="PASS" signature="bc()[pri:0, instance:com.qa.test.NewTest@ae45eb6]" name="bc" is-config="true" duration-ms="1" started-at="2018-06-16T06:10:09Z" finished-at="2018-06-16T06:10:09Z">
          <reporter-output>
          </reporter-output>
        </test-method> <!-- bc -->
        <test-method status="PASS" signature="t1()[pri:0, instance:com.qa.test.NewTest@ae45eb6]" name="t1" duration-ms="26" started-at="2018-06-16T06:10:09Z" finished-at="2018-06-16T06:10:09Z">
          <reporter-output>
          </reporter-output>
        </test-method> <!-- t1 -->
        <test-method status="PASS" signature="t2()[pri:0, instance:com.qa.test.NewTest@ae45eb6]" name="t2" duration-ms="5" started-at="2018-06-16T06:10:09Z" finished-at="2018-06-16T06:10:09Z">
          <reporter-output>
          </reporter-output>
        </test-method> <!-- t2 -->
        <test-method status="PASS" signature="ac()[pri:0, instance:com.qa.test.NewTest@ae45eb6]" name="ac" is-config="true" duration-ms="0" started-at="2018-06-16T06:10:09Z" finished-at="2018-06-16T06:10:09Z">
          <reporter-output>
          </reporter-output>
        </test-method> <!-- ac -->
        <test-method status="PASS" signature="as()[pri:0, instance:com.qa.test.NewTest@ae45eb6]" name="as" is-config="true" duration-ms="1" started-at="2018-06-16T06:10:10Z" finished-at="2018-06-16T06:10:10Z">
          <reporter-output>
          </reporter-output>
        </test-method> <!-- as -->
      </class> <!-- com.qa.test.NewTest -->
    </test> <!-- Default test -->
  </suite> <!-- Default suite -->
</testng-results>
